<?xml version="1.0" encoding="UTF-8"?>
<testsuite xmlns:xsi="http://www.w3.org/2001/XMLSchema-instance" xsi:noNamespaceSchemaLocation="https://maven.apache.org/surefire/maven-surefire-plugin/xsd/surefire-test-report-3.0.xsd" version="3.0" name="TestSuite" time="8.995" tests="4" errors="0" skipped="0" failures="1">
  <properties>
[...]
</properties>
  <testcase name="deletePetById" classname="com.epam.delete.DeleteTests" time="2.771">
    <failure message="1 expectation failed.&#10;Expected status code &lt;200&gt; but was &lt;404&gt;.&#10;" type="java.lang.AssertionError"><![CDATA[java.lang.AssertionError: 
1 expectation failed.
Expected status code <200> but was <404>.

	at com.epam.delete.DeleteTests.deletePetById(DeleteTests.java:20)
]]></failure>
  </testcase>
  <testcase name="getPetsByStatus" classname="com.epam.get.GetTests" time="3.053"/>
  <testcase name="createPetById" classname="com.epam.post.PostsTests" time="1.518"/>
  <testcase name="updatePet" classname="com.epam.put.PutTests" time="1.297"/>
</testsuite>