-------------------------------------------------------------------------------
Test set: TestSuite
-------------------------------------------------------------------------------
Tests run: 4, Failures: 1, Errors: 0, Skipped: 0, Time elapsed: 8.995 s <<< FAILURE! - in TestSuite
com.epam.delete.DeleteTests.deletePetById  Time elapsed: 2.771 s  <<< FAILURE!
java.lang.AssertionError: 
1 expectation failed.
Expected status code <200> but was <404>.

	at com.epam.delete.DeleteTests.deletePetById(DeleteTests.java:20)

